{"level":"error","process":"dx-serve","replica":0,"message":"Running tasks     devenv:processes:dx-serve"}
{"level":"error","process":"dx-serve","replica":0}
{"level":"info","process":"dx-serve","replica":0,"message":"  1.26s  INFO -----------------------------------------------------------------"}
{"level":"info","process":"dx-serve","replica":0,"message":"                Serving your app: mydia-rs! 🚀"}
{"level":"info","process":"dx-serve","replica":0,"message":"                • Press \u001b[33m`ctrl+c`\u001b[0m to exit the server"}
{"level":"info","process":"dx-serve","replica":0,"message":"                • Press \u001b[33m`r`\u001b[0m to rebuild the app"}
{"level":"info","process":"dx-serve","replica":0,"message":"                • Press \u001b[33m`p`\u001b[0m to toggle automatic rebuilds"}
{"level":"info","process":"dx-serve","replica":0,"message":"                • Press \u001b[33m`v`\u001b[0m to toggle verbose logging"}
{"level":"info","process":"dx-serve","replica":0,"message":"                • Press \u001b[33m`/`\u001b[0m for more commands and shortcuts"}
{"level":"info","process":"dx-serve","replica":0,"message":"                Learn more at \u001b[34mhttps://dioxuslabs.com/learn/0.7/getting_started\u001b[0m"}
{"level":"info","process":"dx-serve","replica":0,"message":"               ----------------------------------------------------------------"}
{"level":"info","process":"dx-serve","replica":0,"message":" 23.73s  INFO Hotreloading: \u001b[32m/home/arosenfeld/Code/mydia/mydia-rs/crates/web/assets/tailwind.built.css\u001b[0m "}
{"level":"info","process":"dx-serve","replica":0,"message":" 62.31s  INFO Build completed successfully in \u001b[33m22.88s\u001b[0m, launching app! 💫"}
{"level":"info","process":"dx-serve","replica":0,"message":" 62.64s  INFO \u001b[2m2026-05-23T19:04:35.428094Z\u001b[0m \u001b[32m INFO\u001b[0m \u001b[2mmydia_rs\u001b[0m\u001b[2m:\u001b[0m mydia-rs boot starting \u001b[3mversion\u001b[0m\u001b[2m=\u001b[0m\"0.1.0\" \u001b[3mdb_type\u001b[0m\u001b[2m=\u001b[0mSqlite \u001b[3mhost\u001b[0m\u001b[2m=\u001b[0m0.0.0.0 \u001b[3mport\u001b[0m\u001b[2m=\u001b[0m4002 \u001b[3mkeep_alive\u001b[0m\u001b[2m=\u001b[0mfalse"}
{"level":"info","process":"dx-serve","replica":0,"message":" 62.64s  INFO \u001b[2m2026-05-23T19:04:35.475526Z\u001b[0m \u001b[33m WARN\u001b[0m \u001b[2mmydia_rs_db::schema_check\u001b[0m\u001b[2m:\u001b[0m Phoenix has migrated past this mydia-rs build; some queries may surprise. Pull a newer mydia-rs image when convenient. \u001b[3mversion\u001b[0m\u001b[2m=\u001b[0m20260521020013 \u001b[3mexpected\u001b[0m\u001b[2m=\u001b[0m20260516152731"}
{"level":"info","process":"dx-serve","replica":0,"message":" 62.64s  INFO \u001b[2m2026-05-23T19:04:35.475575Z\u001b[0m \u001b[33m WARN\u001b[0m \u001b[2mmydia_rs\u001b[0m\u001b[2m:\u001b[0m schema ahead of binary; continuing \u001b[3mversion\u001b[0m\u001b[2m=\u001b[0m20260521020013"}
{"level":"info","process":"dx-serve","replica":0,"message":" 62.64s  INFO \u001b[2m2026-05-23T19:04:35.475604Z\u001b[0m \u001b[33m WARN\u001b[0m \u001b[2mmydia_rs\u001b[0m\u001b[2m:\u001b[0m MYDIA_RS_DEV_SKIP_LOCK=true — boot-time mutual-exclusion lock skipped. DEV ONLY; production must not set this."}
{"level":"info","process":"dx-serve","replica":0,"message":" 62.64s  INFO \u001b[2m2026-05-23T19:04:35.503572Z\u001b[0m \u001b[33m WARN\u001b[0m \u001b[2mmydia_rs\u001b[0m\u001b[2m:\u001b[0m config.server.guardian_secret_key is unset; /api/v1/stream and /api/v1/hls will reject every request until a secret is configured"}
{"level":"info","process":"dx-serve","replica":0,"message":" 62.64s  INFO \u001b[2m2026-05-23T19:04:35.503610Z\u001b[0m \u001b[32m INFO\u001b[0m \u001b[2mmydia_rs\u001b[0m\u001b[2m:\u001b[0m remote access disabled in config; skipping p2p Server"}
{"level":"info","process":"dx-serve","replica":0,"message":" 62.64s  INFO \u001b[2m2026-05-23T19:04:35.503623Z\u001b[0m \u001b[32m INFO\u001b[0m \u001b[2mmydia_rs\u001b[0m\u001b[2m:\u001b[0m mydia-rs boot ok"}
{"level":"info","process":"dx-serve","replica":0,"message":" 62.64s  INFO \u001b[2m2026-05-23T19:04:35.503995Z\u001b[0m \u001b[32m INFO\u001b[0m \u001b[2mdioxus_server::server\u001b[0m\u001b[2m:\u001b[0m Registering: POST /api/admin/transcodes/cancel"}
{"level":"info","process":"dx-serve","replica":0,"message":" 62.64s  INFO \u001b[2m2026-05-23T19:04:35.504050Z\u001b[0m \u001b[32m INFO\u001b[0m \u001b[2mdioxus_server::server\u001b[0m\u001b[2m:\u001b[0m Registering: GET /api/admin/transcodes"}
{"level":"info","process":"dx-serve","replica":0,"message":" 62.64s  INFO \u001b[2m2026-05-23T19:04:35.504072Z\u001b[0m \u001b[32m INFO\u001b[0m \u001b[2mdioxus_server::server\u001b[0m\u001b[2m:\u001b[0m Registering: POST /api/admin/library_paths/delete"}
{"level":"info","process":"dx-serve","replica":0,"message":" 62.64s  INFO \u001b[2m2026-05-23T19:04:35.504093Z\u001b[0m \u001b[32m INFO\u001b[0m \u001b[2mdioxus_server::server\u001b[0m\u001b[2m:\u001b[0m Registering: POST /api/admin/library_paths"}
{"level":"info","process":"dx-serve","replica":0,"message":" 62.64s  INFO \u001b[2m2026-05-23T19:04:35.504109Z\u001b[0m \u001b[32m INFO\u001b[0m \u001b[2mdioxus_server::server\u001b[0m\u001b[2m:\u001b[0m Registering: GET /api/admin/library_paths"}
{"level":"info","process":"dx-serve","replica":0,"message":" 62.64s  INFO \u001b[2m2026-05-23T19:04:35.504128Z\u001b[0m \u001b[32m INFO\u001b[0m \u001b[2mdioxus_server::server\u001b[0m\u001b[2m:\u001b[0m Registering: POST /api/admin/library_paths/scan"}
{"level":"info","process":"dx-serve","replica":0,"message":" 62.64s  INFO \u001b[2m2026-05-23T19:04:35.504143Z\u001b[0m \u001b[32m INFO\u001b[0m \u001b[2mdioxus_server::server\u001b[0m\u001b[2m:\u001b[0m Registering: POST /api/admin/download_clients/toggle"}
{"level":"info","process":"dx-serve","replica":0,"message":" 62.64s  INFO \u001b[2m2026-05-23T19:04:35.504155Z\u001b[0m \u001b[32m INFO\u001b[0m \u001b[2mdioxus_server::server\u001b[0m\u001b[2m:\u001b[0m Registering: POST /api/admin/download_clients/delete"}
{"level":"info","process":"dx-serve","replica":0,"message":" 62.64s  INFO \u001b[2m2026-05-23T19:04:35.504169Z\u001b[0m \u001b[32m INFO\u001b[0m \u001b[2mdioxus_server::server\u001b[0m\u001b[2m:\u001b[0m Registering: POST /api/admin/download_clients"}
{"level":"info","process":"dx-serve","replica":0,"message":" 62.64s  INFO \u001b[2m2026-05-23T19:04:35.504186Z\u001b[0m \u001b[32m INFO\u001b[0m \u001b[2mdioxus_server::server\u001b[0m\u001b[2m:\u001b[0m Registering: GET /api/admin/download_clients"}
{"level":"info","process":"dx-serve","replica":0,"message":" 62.64s  INFO \u001b[2m2026-05-23T19:04:35.504195Z\u001b[0m \u001b[32m INFO\u001b[0m \u001b[2mdioxus_server::server\u001b[0m\u001b[2m:\u001b[0m Registering: POST /api/admin/download_clients/test"}
{"level":"info","process":"dx-serve","replica":0,"message":" 62.64s  INFO \u001b[2m2026-05-23T19:04:35.504208Z\u001b[0m \u001b[32m INFO\u001b[0m \u001b[2mdioxus_server::server\u001b[0m\u001b[2m:\u001b[0m Registering: POST /api/downloads/manual_match"}
{"level":"info","process":"dx-serve","replica":0,"message":" 62.64s  INFO \u001b[2m2026-05-23T19:04:35.504221Z\u001b[0m \u001b[32m INFO\u001b[0m \u001b[2mdioxus_server::server\u001b[0m\u001b[2m:\u001b[0m Registering: POST /api/downloads/cancel"}
{"level":"info","process":"dx-serve","replica":0,"message":" 62.64s  INFO \u001b[2m2026-05-23T19:04:35.504232Z\u001b[0m \u001b[32m INFO\u001b[0m \u001b[2mdioxus_server::server\u001b[0m\u001b[2m:\u001b[0m Registering: GET /api/downloads"}
{"level":"info","process":"dx-serve","replica":0,"message":" 62.64s  INFO \u001b[2m2026-05-23T19:04:35.504246Z\u001b[0m \u001b[32m INFO\u001b[0m \u001b[2mdioxus_server::server\u001b[0m\u001b[2m:\u001b[0m Registering: POST /api/search"}
{"level":"info","process":"dx-serve","replica":0,"message":" 62.64s  INFO \u001b[2m2026-05-23T19:04:35.504255Z\u001b[0m \u001b[32m INFO\u001b[0m \u001b[2mdioxus_server::server\u001b[0m\u001b[2m:\u001b[0m Registering: GET /api/calendar"}
{"level":"info","process":"dx-serve","replica":0,"message":" 62.64s  INFO \u001b[2m2026-05-23T19:04:35.504267Z\u001b[0m \u001b[32m INFO\u001b[0m \u001b[2mdioxus_server::server\u001b[0m\u001b[2m:\u001b[0m Registering: POST /api/admin/remote_access/revoke"}
{"level":"info","process":"dx-serve","replica":0,"message":" 62.64s  INFO \u001b[2m2026-05-23T19:04:35.504289Z\u001b[0m \u001b[32m INFO\u001b[0m \u001b[2mdioxus_server::server\u001b[0m\u001b[2m:\u001b[0m Registering: GET /api/admin/remote_access/status"}
{"level":"info","process":"dx-serve","replica":0,"message":" 62.64s  INFO \u001b[2m2026-05-23T19:04:35.504303Z\u001b[0m \u001b[32m INFO\u001b[0m \u001b[2mdioxus_server::server\u001b[0m\u001b[2m:\u001b[0m Registering: GET /api/admin/remote_access/devices"}
{"level":"info","process":"dx-serve","replica":0,"message":" 62.64s  INFO \u001b[2m2026-05-23T19:04:35.504315Z\u001b[0m \u001b[32m INFO\u001b[0m \u001b[2mdioxus_server::server\u001b[0m\u001b[2m:\u001b[0m Registering: POST /api/import_media/details"}
{"level":"info","process":"dx-serve","replica":0,"message":" 62.64s  INFO \u001b[2m2026-05-23T19:04:35.504327Z\u001b[0m \u001b[32m INFO\u001b[0m \u001b[2mdioxus_server::server\u001b[0m\u001b[2m:\u001b[0m Registering: POST /api/import_media/search"}
{"level":"info","process":"dx-serve","replica":0,"message":" 62.64s  INFO \u001b[2m2026-05-23T19:04:35.504340Z\u001b[0m \u001b[32m INFO\u001b[0m \u001b[2mdioxus_server::server\u001b[0m\u001b[2m:\u001b[0m Registering: POST /api/import_media/finalize"}
{"level":"info","process":"dx-serve","replica":0,"message":" 62.64s  INFO \u001b[2m2026-05-23T19:04:35.504351Z\u001b[0m \u001b[32m INFO\u001b[0m \u001b[2mdioxus_server::server\u001b[0m\u001b[2m:\u001b[0m Registering: GET /api/admin/system/status"}
{"level":"info","process":"dx-serve","replica":0,"message":" 62.64s  INFO \u001b[2m2026-05-23T19:04:35.504361Z\u001b[0m \u001b[32m INFO\u001b[0m \u001b[2mdioxus_server::server\u001b[0m\u001b[2m:\u001b[0m Registering: POST /api/collections/items"}
{"level":"info","process":"dx-serve","replica":0,"message":" 62.64s  INFO \u001b[2m2026-05-23T19:04:35.504374Z\u001b[0m \u001b[32m INFO\u001b[0m \u001b[2mdioxus_server::server\u001b[0m\u001b[2m:\u001b[0m Registering: POST /api/collections/detail"}
{"level":"info","process":"dx-serve","replica":0,"message":" 62.64s  INFO \u001b[2m2026-05-23T19:04:35.504386Z\u001b[0m \u001b[32m INFO\u001b[0m \u001b[2mdioxus_server::server\u001b[0m\u001b[2m:\u001b[0m Registering: POST /api/collections/list"}
{"level":"info","process":"dx-serve","replica":0,"message":" 62.64s  INFO \u001b[2m2026-05-23T19:04:35.504399Z\u001b[0m \u001b[32m INFO\u001b[0m \u001b[2mdioxus_server::server\u001b[0m\u001b[2m:\u001b[0m Registering: POST /api/media/episode/monitor/toggle"}
{"level":"info","process":"dx-serve","replica":0,"message":" 62.64s  INFO \u001b[2m2026-05-23T19:04:35.504411Z\u001b[0m \u001b[32m INFO\u001b[0m \u001b[2mdioxus_server::server\u001b[0m\u001b[2m:\u001b[0m Registering: POST /api/media/monitor/toggle"}
{"level":"info","process":"dx-serve","replica":0,"message":" 62.64s  INFO \u001b[2m2026-05-23T19:04:35.504429Z\u001b[0m \u001b[32m INFO\u001b[0m \u001b[2mdioxus_server::server\u001b[0m\u001b[2m:\u001b[0m Registering: POST /api/media/seasons"}
{"level":"info","process":"dx-serve","replica":0,"message":" 62.64s  INFO \u001b[2m2026-05-23T19:04:35.504442Z\u001b[0m \u001b[32m INFO\u001b[0m \u001b[2mdioxus_server::server\u001b[0m\u001b[2m:\u001b[0m Registering: POST /api/media/files"}
{"level":"info","process":"dx-serve","replica":0,"message":" 62.64s  INFO \u001b[2m2026-05-23T19:04:35.504452Z\u001b[0m \u001b[32m INFO\u001b[0m \u001b[2mdioxus_server::server\u001b[0m\u001b[2m:\u001b[0m Registering: POST /api/media/detail"}
{"level":"info","process":"dx-serve","replica":0,"message":" 62.64s  INFO \u001b[2m2026-05-23T19:04:35.504477Z\u001b[0m \u001b[32m INFO\u001b[0m \u001b[2mdioxus_server::server\u001b[0m\u001b[2m:\u001b[0m Registering: POST /api/media/delete"}
{"level":"info","process":"dx-serve","replica":0,"message":" 62.64s  INFO \u001b[2m2026-05-23T19:04:35.504488Z\u001b[0m \u001b[32m INFO\u001b[0m \u001b[2mdioxus_server::server\u001b[0m\u001b[2m:\u001b[0m Registering: POST /api/media/list"}
{"level":"info","process":"dx-serve","replica":0,"message":" 62.64s  INFO \u001b[2m2026-05-23T19:04:35.504498Z\u001b[0m \u001b[32m INFO\u001b[0m \u001b[2mdioxus_server::server\u001b[0m\u001b[2m:\u001b[0m Registering: POST /api/admin/media_servers/toggle"}
{"level":"info","process":"dx-serve","replica":0,"message":" 62.64s  INFO \u001b[2m2026-05-23T19:04:35.504513Z\u001b[0m \u001b[32m INFO\u001b[0m \u001b[2mdioxus_server::server\u001b[0m\u001b[2m:\u001b[0m Registering: POST /api/admin/media_servers/delete"}
{"level":"info","process":"dx-serve","replica":0,"message":" 62.64s  INFO \u001b[2m2026-05-23T19:04:35.504526Z\u001b[0m \u001b[32m INFO\u001b[0m \u001b[2mdioxus_server::server\u001b[0m\u001b[2m:\u001b[0m Registering: POST /api/admin/media_servers"}
{"level":"info","process":"dx-serve","replica":0,"message":" 62.64s  INFO \u001b[2m2026-05-23T19:04:35.504538Z\u001b[0m \u001b[32m INFO\u001b[0m \u001b[2mdioxus_server::server\u001b[0m\u001b[2m:\u001b[0m Registering: GET /api/admin/media_servers"}
{"level":"info","process":"dx-serve","replica":0,"message":" 62.64s  INFO \u001b[2m2026-05-23T19:04:35.504548Z\u001b[0m \u001b[32m INFO\u001b[0m \u001b[2mdioxus_server::server\u001b[0m\u001b[2m:\u001b[0m Registering: POST /api/admin/requests/approve"}
{"level":"info","process":"dx-serve","replica":0,"message":" 62.64s  INFO \u001b[2m2026-05-23T19:04:35.504561Z\u001b[0m \u001b[32m INFO\u001b[0m \u001b[2mdioxus_server::server\u001b[0m\u001b[2m:\u001b[0m Registering: POST /api/admin/requests/reject"}
{"level":"info","process":"dx-serve","replica":0,"message":" 62.64s  INFO \u001b[2m2026-05-23T19:04:35.504573Z\u001b[0m \u001b[32m INFO\u001b[0m \u001b[2mdioxus_server::server\u001b[0m\u001b[2m:\u001b[0m Registering: GET /api/admin/requests"}
{"level":"info","process":"dx-serve","replica":0,"message":" 62.64s  INFO \u001b[2m2026-05-23T19:04:35.504584Z\u001b[0m \u001b[32m INFO\u001b[0m \u001b[2mdioxus_server::server\u001b[0m\u001b[2m:\u001b[0m Registering: GET /api/profile"}
{"level":"info","process":"dx-serve","replica":0,"message":" 62.64s  INFO \u001b[2m2026-05-23T19:04:35.504593Z\u001b[0m \u001b[32m INFO\u001b[0m \u001b[2mdioxus_server::server\u001b[0m\u001b[2m:\u001b[0m Registering: POST /api/profile/password"}
{"level":"info","process":"dx-serve","replica":0,"message":" 62.64s  INFO \u001b[2m2026-05-23T19:04:35.504603Z\u001b[0m \u001b[32m INFO\u001b[0m \u001b[2mdioxus_server::server\u001b[0m\u001b[2m:\u001b[0m Registering: POST /api/profile"}
{"level":"info","process":"dx-serve","replica":0,"message":" 62.64s  INFO \u001b[2m2026-05-23T19:04:35.504611Z\u001b[0m \u001b[32m INFO\u001b[0m \u001b[2mdioxus_server::server\u001b[0m\u001b[2m:\u001b[0m Registering: GET /api/admin/release_blacklist"}
{"level":"info","process":"dx-serve","replica":0,"message":" 62.64s  INFO \u001b[2m2026-05-23T19:04:35.504627Z\u001b[0m \u001b[32m INFO\u001b[0m \u001b[2mdioxus_server::server\u001b[0m\u001b[2m:\u001b[0m Registering: POST /api/admin/release_blacklist/delete"}
{"level":"info","process":"dx-serve","replica":0,"message":" 62.64s  INFO \u001b[2m2026-05-23T19:04:35.504639Z\u001b[0m \u001b[32m INFO\u001b[0m \u001b[2mdioxus_server::server\u001b[0m\u001b[2m:\u001b[0m Registering: POST /api/admin/release_blacklist"}
{"level":"info","process":"dx-serve","replica":0,"message":" 62.64s  INFO \u001b[2m2026-05-23T19:04:35.504647Z\u001b[0m \u001b[32m INFO\u001b[0m \u001b[2mdioxus_server::server\u001b[0m\u001b[2m:\u001b[0m Registering: POST /api/admin/devices/revoke"}
{"level":"info","process":"dx-serve","replica":0,"message":" 62.64s  INFO \u001b[2m2026-05-23T19:04:35.504661Z\u001b[0m \u001b[32m INFO\u001b[0m \u001b[2mdioxus_server::server\u001b[0m\u001b[2m:\u001b[0m Registering: GET /api/admin/devices"}
{"level":"info","process":"dx-serve","replica":0,"message":" 62.64s  INFO \u001b[2m2026-05-23T19:04:35.504672Z\u001b[0m \u001b[32m INFO\u001b[0m \u001b[2mdioxus_server::server\u001b[0m\u001b[2m:\u001b[0m Registering: POST /api/discover"}
{"level":"info","process":"dx-serve","replica":0,"message":" 62.64s  INFO \u001b[2m2026-05-23T19:04:35.504682Z\u001b[0m \u001b[32m INFO\u001b[0m \u001b[2mdioxus_server::server\u001b[0m\u001b[2m:\u001b[0m Registering: POST /api/admin/quality_profiles/update"}
{"level":"info","process":"dx-serve","replica":0,"message":" 62.64s  INFO \u001b[2m2026-05-23T19:04:35.504694Z\u001b[0m \u001b[32m INFO\u001b[0m \u001b[2mdioxus_server::server\u001b[0m\u001b[2m:\u001b[0m Registering: POST /api/admin/quality_profiles/delete"}
{"level":"info","process":"dx-serve","replica":0,"message":" 62.64s  INFO \u001b[2m2026-05-23T19:04:35.504708Z\u001b[0m \u001b[32m INFO\u001b[0m \u001b[2mdioxus_server::server\u001b[0m\u001b[2m:\u001b[0m Registering: POST /api/admin/quality_profiles"}
{"level":"info","process":"dx-serve","replica":0,"message":" 62.64s  INFO \u001b[2m2026-05-23T19:04:35.504720Z\u001b[0m \u001b[32m INFO\u001b[0m \u001b[2mdioxus_server::server\u001b[0m\u001b[2m:\u001b[0m Registering: GET /api/admin/quality_profiles"}
{"level":"info","process":"dx-serve","replica":0,"message":" 62.64s  INFO \u001b[2m2026-05-23T19:04:35.504729Z\u001b[0m \u001b[32m INFO\u001b[0m \u001b[2mdioxus_server::server\u001b[0m\u001b[2m:\u001b[0m Registering: POST /api/admin/quality_profiles/get"}
{"level":"info","process":"dx-serve","replica":0,"message":" 62.64s  INFO \u001b[2m2026-05-23T19:04:35.504741Z\u001b[0m \u001b[32m INFO\u001b[0m \u001b[2mdioxus_server::server\u001b[0m\u001b[2m:\u001b[0m Registering: GET /api/realtime/transcodes"}
{"level":"info","process":"dx-serve","replica":0,"message":" 62.64s  INFO \u001b[2m2026-05-23T19:04:35.504753Z\u001b[0m \u001b[32m INFO\u001b[0m \u001b[2mdioxus_server::server\u001b[0m\u001b[2m:\u001b[0m Registering: POST /api/admin/users/role"}
{"level":"info","process":"dx-serve","replica":0,"message":" 62.64s  INFO \u001b[2m2026-05-23T19:04:35.504778Z\u001b[0m \u001b[32m INFO\u001b[0m \u001b[2mdioxus_server::server\u001b[0m\u001b[2m:\u001b[0m Registering: POST /api/admin/users/delete"}
{"level":"info","process":"dx-serve","replica":0,"message":" 62.64s  INFO \u001b[2m2026-05-23T19:04:35.504808Z\u001b[0m \u001b[32m INFO\u001b[0m \u001b[2mdioxus_server::server\u001b[0m\u001b[2m:\u001b[0m Registering: POST /api/admin/users"}
{"level":"info","process":"dx-serve","replica":0,"message":" 62.64s  INFO \u001b[2m2026-05-23T19:04:35.504819Z\u001b[0m \u001b[32m INFO\u001b[0m \u001b[2mdioxus_server::server\u001b[0m\u001b[2m:\u001b[0m Registering: GET /api/admin/users"}
{"level":"info","process":"dx-serve","replica":0,"message":" 62.64s  INFO \u001b[2m2026-05-23T19:04:35.504827Z\u001b[0m \u001b[32m INFO\u001b[0m \u001b[2mdioxus_server::server\u001b[0m\u001b[2m:\u001b[0m Registering: POST /api/admin/settings"}
{"level":"info","process":"dx-serve","replica":0,"message":" 62.64s  INFO \u001b[2m2026-05-23T19:04:35.504838Z\u001b[0m \u001b[32m INFO\u001b[0m \u001b[2mdioxus_server::server\u001b[0m\u001b[2m:\u001b[0m Registering: GET /api/admin/settings"}
{"level":"info","process":"dx-serve","replica":0,"message":" 62.64s  INFO \u001b[2m2026-05-23T19:04:35.504846Z\u001b[0m \u001b[32m INFO\u001b[0m \u001b[2mdioxus_server::server\u001b[0m\u001b[2m:\u001b[0m Registering: GET /api/realtime/library_scanner"}
{"level":"info","process":"dx-serve","replica":0,"message":" 62.64s  INFO \u001b[2m2026-05-23T19:04:35.504859Z\u001b[0m \u001b[32m INFO\u001b[0m \u001b[2mdioxus_server::server\u001b[0m\u001b[2m:\u001b[0m Registering: POST /api/admin/import_lists/toggle"}
{"level":"info","process":"dx-serve","replica":0,"message":" 62.64s  INFO \u001b[2m2026-05-23T19:04:35.504872Z\u001b[0m \u001b[32m INFO\u001b[0m \u001b[2mdioxus_server::server\u001b[0m\u001b[2m:\u001b[0m Registering: POST /api/admin/import_lists/delete"}
{"level":"info","process":"dx-serve","replica":0,"message":" 62.64s  INFO \u001b[2m2026-05-23T19:04:35.504887Z\u001b[0m \u001b[32m INFO\u001b[0m \u001b[2mdioxus_server::server\u001b[0m\u001b[2m:\u001b[0m Registering: POST /api/admin/import_lists"}
{"level":"info","process":"dx-serve","replica":0,"message":" 62.64s  INFO \u001b[2m2026-05-23T19:04:35.504927Z\u001b[0m \u001b[32m INFO\u001b[0m \u001b[2mdioxus_server::server\u001b[0m\u001b[2m:\u001b[0m Registering: GET /api/admin/import_lists"}
{"level":"info","process":"dx-serve","replica":0,"message":" 62.64s  INFO \u001b[2m2026-05-23T19:04:35.504935Z\u001b[0m \u001b[32m INFO\u001b[0m \u001b[2mdioxus_server::server\u001b[0m\u001b[2m:\u001b[0m Registering: POST /api/auth/logout"}
{"level":"info","process":"dx-serve","replica":0,"message":" 62.64s  INFO \u001b[2m2026-05-23T19:04:35.504945Z\u001b[0m \u001b[32m INFO\u001b[0m \u001b[2mdioxus_server::server\u001b[0m\u001b[2m:\u001b[0m Registering: POST /api/auth/login"}
{"level":"info","process":"dx-serve","replica":0,"message":" 62.64s  INFO \u001b[2m2026-05-23T19:04:35.504956Z\u001b[0m \u001b[32m INFO\u001b[0m \u001b[2mdioxus_server::server\u001b[0m\u001b[2m:\u001b[0m Registering: GET /api/auth/setup-required"}
{"level":"info","process":"dx-serve","replica":0,"message":" 62.64s  INFO \u001b[2m2026-05-23T19:04:35.504966Z\u001b[0m \u001b[32m INFO\u001b[0m \u001b[2mdioxus_server::server\u001b[0m\u001b[2m:\u001b[0m Registering: GET /api/auth/oidc-available"}
{"level":"info","process":"dx-serve","replica":0,"message":" 62.64s  INFO \u001b[2m2026-05-23T19:04:35.504978Z\u001b[0m \u001b[32m INFO\u001b[0m \u001b[2mdioxus_server::server\u001b[0m\u001b[2m:\u001b[0m Registering: GET /api/auth/me"}
{"level":"info","process":"dx-serve","replica":0,"message":" 62.64s  INFO \u001b[2m2026-05-23T19:04:35.504988Z\u001b[0m \u001b[32m INFO\u001b[0m \u001b[2mdioxus_server::server\u001b[0m\u001b[2m:\u001b[0m Registering: POST /api/auth/setup"}
{"level":"info","process":"dx-serve","replica":0,"message":" 62.64s  INFO \u001b[2m2026-05-23T19:04:35.504998Z\u001b[0m \u001b[32m INFO\u001b[0m \u001b[2mdioxus_server::server\u001b[0m\u001b[2m:\u001b[0m Registering: GET /api/admin/jobs/summary"}
{"level":"info","process":"dx-serve","replica":0,"message":" 62.64s  INFO \u001b[2m2026-05-23T19:04:35.505008Z\u001b[0m \u001b[32m INFO\u001b[0m \u001b[2mdioxus_server::server\u001b[0m\u001b[2m:\u001b[0m Registering: POST /api/admin/jobs/trigger"}
{"level":"info","process":"dx-serve","replica":0,"message":" 62.64s  INFO \u001b[2m2026-05-23T19:04:35.505019Z\u001b[0m \u001b[32m INFO\u001b[0m \u001b[2mdioxus_server::server\u001b[0m\u001b[2m:\u001b[0m Registering: GET /api/realtime/downloads"}
{"level":"info","process":"dx-serve","replica":0,"message":" 62.64s  INFO \u001b[2m2026-05-23T19:04:35.505031Z\u001b[0m \u001b[32m INFO\u001b[0m \u001b[2mdioxus_server::server\u001b[0m\u001b[2m:\u001b[0m Registering: GET /api/my-requests"}
{"level":"info","process":"dx-serve","replica":0,"message":" 62.64s  INFO \u001b[2m2026-05-23T19:04:35.505043Z\u001b[0m \u001b[32m INFO\u001b[0m \u001b[2mdioxus_server::server\u001b[0m\u001b[2m:\u001b[0m Registering: POST /api/requests"}
{"level":"info","process":"dx-serve","replica":0,"message":" 62.64s  INFO \u001b[2m2026-05-23T19:04:35.505053Z\u001b[0m \u001b[32m INFO\u001b[0m \u001b[2mdioxus_server::server\u001b[0m\u001b[2m:\u001b[0m Registering: POST /api/admin/indexers/toggle"}
{"level":"info","process":"dx-serve","replica":0,"message":" 62.64s  INFO \u001b[2m2026-05-23T19:04:35.505066Z\u001b[0m \u001b[32m INFO\u001b[0m \u001b[2mdioxus_server::server\u001b[0m\u001b[2m:\u001b[0m Registering: POST /api/admin/indexers/delete"}
{"level":"info","process":"dx-serve","replica":0,"message":" 62.64s  INFO \u001b[2m2026-05-23T19:04:35.505078Z\u001b[0m \u001b[32m INFO\u001b[0m \u001b[2mdioxus_server::server\u001b[0m\u001b[2m:\u001b[0m Registering: POST /api/admin/indexers"}
{"level":"info","process":"dx-serve","replica":0,"message":" 62.64s  INFO \u001b[2m2026-05-23T19:04:35.505089Z\u001b[0m \u001b[32m INFO\u001b[0m \u001b[2mdioxus_server::server\u001b[0m\u001b[2m:\u001b[0m Registering: GET /api/admin/indexers"}
{"level":"info","process":"dx-serve","replica":0,"message":" 62.64s  INFO \u001b[2m2026-05-23T19:04:35.505097Z\u001b[0m \u001b[32m INFO\u001b[0m \u001b[2mdioxus_server::server\u001b[0m\u001b[2m:\u001b[0m Registering: POST /api/admin/indexers/test"}
{"level":"info","process":"dx-serve","replica":0,"message":" 62.64s  INFO \u001b[2m2026-05-23T19:04:35.505108Z\u001b[0m \u001b[32m INFO\u001b[0m \u001b[2mdioxus_server::server\u001b[0m\u001b[2m:\u001b[0m Registering: GET /api/activity"}
{"level":"info","process":"dx-serve","replica":0,"message":" 62.64s  INFO \u001b[2m2026-05-23T19:04:35.505121Z\u001b[0m \u001b[32m INFO\u001b[0m \u001b[2mdioxus_server::server\u001b[0m\u001b[2m:\u001b[0m Registering: GET /api/add_media/quality_profiles"}
{"level":"info","process":"dx-serve","replica":0,"message":" 62.64s  INFO \u001b[2m2026-05-23T19:04:35.505134Z\u001b[0m \u001b[32m INFO\u001b[0m \u001b[2mdioxus_server::server\u001b[0m\u001b[2m:\u001b[0m Registering: POST /api/add_media/create"}
{"level":"info","process":"dx-serve","replica":0,"message":" 62.64s  INFO \u001b[2m2026-05-23T19:04:35.505145Z\u001b[0m \u001b[32m INFO\u001b[0m \u001b[2mdioxus_server::server\u001b[0m\u001b[2m:\u001b[0m Registering: POST /api/add_media/search"}
{"level":"info","process":"dx-serve","replica":0,"message":" 62.64s  INFO \u001b[2m2026-05-23T19:04:35.505155Z\u001b[0m \u001b[32m INFO\u001b[0m \u001b[2mdioxus_server::server\u001b[0m\u001b[2m:\u001b[0m Registering: GET /api/dashboard/upcoming"}
{"level":"info","process":"dx-serve","replica":0,"message":" 62.64s  INFO \u001b[2m2026-05-23T19:04:35.505168Z\u001b[0m \u001b[32m INFO\u001b[0m \u001b[2mdioxus_server::server\u001b[0m\u001b[2m:\u001b[0m Registering: GET /api/dashboard/recent"}
{"level":"info","process":"dx-serve","replica":0,"message":" 62.64s  INFO \u001b[2m2026-05-23T19:04:35.505179Z\u001b[0m \u001b[32m INFO\u001b[0m \u001b[2mdioxus_server::server\u001b[0m\u001b[2m:\u001b[0m Registering: GET /api/dashboard/stats"}
{"level":"info","process":"dx-serve","replica":0,"message":" 62.64s  INFO \u001b[2m2026-05-23T19:04:35.505189Z\u001b[0m \u001b[32m INFO\u001b[0m \u001b[2mdioxus_server::server\u001b[0m\u001b[2m:\u001b[0m Registering: GET /api/realtime/jobs_status"}
{"level":"info","process":"dx-serve","replica":0,"message":" 79.45s  INFO [200] / "}
{"level":"info","process":"dx-serve","replica":0,"message":" 79.92s  INFO [200] /login "}
{"level":"info","process":"dx-serve","replica":0,"message":" 84.88s  INFO [200] /login?username=admin&password=newdie4ME%24 "}
{"level":"info","process":"dx-serve","replica":0,"message":" 99.43s  INFO [200] /api/auth/oidc-available "}
{"level":"info","process":"dx-serve","replica":0,"message":" 99.43s  INFO [200] /api/auth/setup-required "}
{"level":"info","process":"dx-serve","replica":0,"message":"147.39s  INFO [404] /.well-known/appspecific/com.chrome.devtools.json "}
{"level":"info","process":"dx-serve","replica":0,"message":"160.33s  INFO [200] /api/auth/login "}
{"level":"info","process":"dx-serve","replica":0,"message":"160.40s  INFO [200] /api/auth/me "}
{"level":"info","process":"dx-serve","replica":0,"message":"160.52s  INFO [200] /api/dashboard/recent "}
{"level":"info","process":"dx-serve","replica":0,"message":"160.52s  INFO [200] /api/dashboard/upcoming "}
{"level":"info","process":"dx-serve","replica":0,"message":"160.53s  INFO \u001b[2m2026-05-23T19:06:13.411819Z\u001b[0m \u001b[31mERROR\u001b[0m \u001b[2mtower_http::trace::on_failure\u001b[0m\u001b[2m:\u001b[0m response failed \u001b[3mclassification\u001b[0m\u001b[2m=\u001b[0mStatus code: 500 Internal Server Error \u001b[3mlatency\u001b[0m\u001b[2m=\u001b[0m12 ms"}
{"level":"info","process":"dx-serve","replica":0,"message":"160.53s  INFO [500] /api/dashboard/stats "}
{"level":"info","process":"dx-serve","replica":0,"message":"175.94s  INFO [200] /api/auth/me "}
{"level":"info","process":"dx-serve","replica":0,"message":"175.98s  INFO [200] /api/media/list "}
{"level":"info","process":"dx-serve","replica":0,"message":"177.36s  INFO [200] /api/admin/system/status "}
{"level":"info","process":"dx-serve","replica":0,"message":"178.03s  INFO [200] /api/admin/users "}
{"level":"info","process":"dx-serve","replica":0,"message":"180.04s  INFO [200] /api/admin/library_paths "}
{"level":"info","process":"dx-serve","replica":0,"message":"180.07s  INFO \u001b[2m2026-05-23T19:06:32.951700Z\u001b[0m \u001b[32m INFO\u001b[0m \u001b[2mmydia_rs_web::realtime::library_scanner::server\u001b[0m\u001b[2m:\u001b[0m library scanner websocket connected"}
{"level":"info","process":"dx-serve","replica":0,"message":"180.80s  INFO [200] /api/admin/quality_profiles "}
{"level":"info","process":"dx-serve","replica":0,"message":"182.19s  INFO \u001b[2m2026-05-23T19:06:35.077585Z\u001b[0m \u001b[31mERROR\u001b[0m \u001b[2mtower_http::trace::on_failure\u001b[0m\u001b[2m:\u001b[0m response failed \u001b[3mclassification\u001b[0m\u001b[2m=\u001b[0mStatus code: 500 Internal Server Error \u001b[3mlatency\u001b[0m\u001b[2m=\u001b[0m1 ms"}
{"level":"info","process":"dx-serve","replica":0,"message":"182.19s  INFO [500] /api/admin/download_clients "}
{"level":"info","process":"dx-serve","replica":0,"message":"215.40s  INFO [200] /api/admin/quality_profiles "}
{"level":"info","process":"dx-serve","replica":0,"message":"216.69s  INFO \u001b[2m2026-05-23T19:07:09.573454Z\u001b[0m \u001b[32m INFO\u001b[0m \u001b[2mmydia_rs_web::realtime::library_scanner::server\u001b[0m\u001b[2m:\u001b[0m library scanner websocket connected"}
{"level":"info","process":"dx-serve","replica":0,"message":"216.69s  INFO [200] /api/admin/library_paths "}
{"level":"info","process":"dx-serve","replica":0,"message":"219.53s  INFO [200] /api/auth/me "}
{"level":"info","process":"dx-serve","replica":0,"message":"219.56s  INFO [200] /api/media/list "}
{"level":"info","process":"dx-serve","replica":0,"message":"220.32s  INFO [200] /api/auth/me "}
{"level":"info","process":"dx-serve","replica":0,"message":"220.35s  INFO [200] /api/media/list "}
{"level":"info","process":"dx-serve","replica":0,"message":"221.65s  INFO [200] /api/discover "}
{"level":"info","process":"dx-serve","replica":0,"message":"227.37s  INFO [200] /api/dashboard/recent "}
{"level":"info","process":"dx-serve","replica":0,"message":"227.37s  INFO \u001b[2m2026-05-23T19:07:20.255591Z\u001b[0m \u001b[31mERROR\u001b[0m \u001b[2mtower_http::trace::on_failure\u001b[0m\u001b[2m:\u001b[0m response failed \u001b[3mclassification\u001b[0m\u001b[2m=\u001b[0mStatus code: 500 Internal Server Error \u001b[3mlatency\u001b[0m\u001b[2m=\u001b[0m4 ms"}
{"level":"info","process":"dx-serve","replica":0,"message":"227.37s  INFO [500] /api/dashboard/stats "}
{"level":"info","process":"dx-serve","replica":0,"message":"227.37s  INFO [200] /api/dashboard/upcoming "}
{"level":"info","process":"dx-serve","replica":0,"message":"233.41s  INFO \u001b[2m2026-05-23T19:07:26.292761Z\u001b[0m \u001b[31mERROR\u001b[0m \u001b[2mtower_http::trace::on_failure\u001b[0m\u001b[2m:\u001b[0m response failed \u001b[3mclassification\u001b[0m\u001b[2m=\u001b[0mStatus code: 500 Internal Server Error \u001b[3mlatency\u001b[0m\u001b[2m=\u001b[0m2 ms"}
{"level":"info","process":"dx-serve","replica":0,"message":"233.41s  INFO [500] /api/admin/import_lists "}
{"level":"info","process":"dx-serve","replica":0,"message":"234.04s  INFO \u001b[2m2026-05-23T19:07:26.920697Z\u001b[0m \u001b[31mERROR\u001b[0m \u001b[2mtower_http::trace::on_failure\u001b[0m\u001b[2m:\u001b[0m response failed \u001b[3mclassification\u001b[0m\u001b[2m=\u001b[0mStatus code: 500 Internal Server Error \u001b[3mlatency\u001b[0m\u001b[2m=\u001b[0m2 ms"}
{"level":"info","process":"dx-serve","replica":0,"message":"234.04s  INFO [500] /api/admin/release_blacklist "}
{"level":"info","process":"dx-serve","replica":0,"message":"234.69s  INFO \u001b[2m2026-05-23T19:07:27.570757Z\u001b[0m \u001b[32m INFO\u001b[0m \u001b[2mmydia_rs_web::realtime::jobs_status::server\u001b[0m\u001b[2m:\u001b[0m jobs status websocket connected"}
{"level":"info","process":"dx-serve","replica":0,"message":"234.69s  INFO [200] /api/admin/jobs/summary "}
{"level":"info","process":"dx-serve","replica":0,"message":"235.66s  INFO \u001b[2m2026-05-23T19:07:28.547469Z\u001b[0m \u001b[31mERROR\u001b[0m \u001b[2mtower_http::trace::on_failure\u001b[0m\u001b[2m:\u001b[0m response failed \u001b[3mclassification\u001b[0m\u001b[2m=\u001b[0mStatus code: 500 Internal Server Error \u001b[3mlatency\u001b[0m\u001b[2m=\u001b[0m1 ms"}
{"level":"info","process":"dx-serve","replica":0,"message":"235.66s  INFO [500] /api/admin/release_blacklist "}
{"level":"info","process":"dx-serve","replica":0,"message":"255.37s  INFO [200] /api/collections/list "}
{"level":"info","process":"dx-serve","replica":0,"message":"256.47s  INFO [200] /api/search "}
{"level":"info","process":"dx-serve","replica":0,"message":"257.96s  INFO [200] /api/search "}
{"level":"info","process":"dx-serve","replica":0,"message":"260.53s  INFO [200] /api/search "}
{"level":"info","process":"dx-serve","replica":0,"message":"260.64s  INFO [200] /api/search "}
{"level":"info","process":"dx-serve","replica":0,"message":"260.73s  INFO [200] /api/search "}
{"level":"info","process":"dx-serve","replica":0,"message":"260.84s  INFO [200] /api/search "}
{"level":"info","process":"dx-serve","replica":0,"message":"260.97s  INFO [200] /api/search "}
{"level":"info","process":"dx-serve","replica":0,"message":"261.13s  INFO [200] /api/search "}
{"level":"info","process":"dx-serve","replica":0,"message":"261.24s  INFO [200] /api/search "}
{"level":"error","process":"dx-serve","replica":0,"message":"1 Skipped"}
